<?xml version="1.0" encoding="UTF-8"?>
<robot generator="Robot 3.2.2 (Python 3.8.5 on win32)" generated="20210507 12:03:38.030" rpa="false">
<suite id="s1" name="Pfs Automation" source="C:\Users\CHROME\git\pfs_automation">
<suite id="s1-s1" name="School Faculty" source="C:\Users\CHROME\git\pfs_automation\School_Faculty.robot">
<test id="s1-s1-t1" name="Test_faculty">
<kw name="Login">
<kw name="Open Excel" library="ExcelRobot">
<doc>Opens the Excel file to read from the path provided in the file path parameter.</doc>
<arguments>
<arg>../pfs_automation/Faculty_Login.xlsx</arg>
</arguments>
<msg timestamp="20210507 12:03:39.896" level="INFO">Opening file at C:\Users\CHROME\git\pfs_automation\../pfs_automation/Faculty_Login.xlsx</msg>
<status status="PASS" starttime="20210507 12:03:39.895" endtime="20210507 12:03:39.963"></status>
</kw>
<kw name="Read Cell Data By Name" library="ExcelRobot">
<doc>Uses the cell name to return the data from that cell.</doc>
<arguments>
<arg>Faculty</arg>
<arg>A2</arg>
</arguments>
<assign>
<var>${BaseUrl}</var>
</assign>
<msg timestamp="20210507 12:03:39.964" level="INFO">${BaseUrl} = https://school-stg-portal.ken42.com/</msg>
<status status="PASS" starttime="20210507 12:03:39.963" endtime="20210507 12:03:39.965"></status>
</kw>
<kw name="Read Cell Data By Name" library="ExcelRobot">
<doc>Uses the cell name to return the data from that cell.</doc>
<arguments>
<arg>Faculty</arg>
<arg>B2</arg>
</arguments>
<assign>
<var>${In_Username}</var>
</assign>
<msg timestamp="20210507 12:03:39.966" level="INFO">${In_Username} = Faculty@gmail.com</msg>
<status status="PASS" starttime="20210507 12:03:39.965" endtime="20210507 12:03:39.966"></status>
</kw>
<kw name="Read Cell Data By Name" library="ExcelRobot">
<doc>Uses the cell name to return the data from that cell.</doc>
<arguments>
<arg>Faculty</arg>
<arg>B3</arg>
</arguments>
<assign>
<var>${Val_Username}</var>
</assign>
<msg timestamp="20210507 12:03:39.967" level="INFO">${Val_Username} = amrut@sch.ken42.com</msg>
<status status="PASS" starttime="20210507 12:03:39.967" endtime="20210507 12:03:39.967"></status>
</kw>
<kw name="Close All Excel Documents" library="ExcelLibrary">
<doc>Closes all opened documents.</doc>
<status status="PASS" starttime="20210507 12:03:39.967" endtime="20210507 12:03:39.968"></status>
</kw>
<kw name="Open Browser" library="SeleniumLibrary">
<doc>Opens a new browser instance to the optional ``url``.</doc>
<arguments>
<arg>${BaseUrl}</arg>
<arg>${browser}</arg>
</arguments>
<msg timestamp="20210507 12:03:39.969" level="INFO">Opening browser 'chrome' to base url 'https://school-stg-portal.ken42.com/'.</msg>
<status status="PASS" starttime="20210507 12:03:39.968" endtime="20210507 12:03:44.649"></status>
</kw>
<kw name="Sleep" library="BuiltIn">
<doc>Pauses the test executed for the given time.</doc>
<arguments>
<arg>10</arg>
</arguments>
<msg timestamp="20210507 12:03:54.668" level="INFO">Slept 10 seconds</msg>
<status status="PASS" starttime="20210507 12:03:44.649" endtime="20210507 12:03:54.668"></status>
</kw>
<kw name="Maximize Browser Window" library="SeleniumLibrary">
<doc>Maximizes current browser window.</doc>
<status status="PASS" starttime="20210507 12:03:54.669" endtime="20210507 12:03:54.800"></status>
</kw>
<kw name="Input Text" library="SeleniumLibrary">
<doc>Types the given ``text`` into the text field identified by ``locator``.</doc>
<arguments>
<arg>xpath=//*[@id="app"]/div/div/main/div[2]/div[2]/div/div[1]/div[2]/input</arg>
<arg>${In_Username}</arg>
</arguments>
<msg timestamp="20210507 12:03:54.802" level="INFO">Typing text 'Faculty@gmail.com' into text field 'xpath=//*[@id="app"]/div/div/main/div[2]/div[2]/div/div[1]/div[2]/input'.</msg>
<status status="PASS" starttime="20210507 12:03:54.801" endtime="20210507 12:03:55.042"></status>
</kw>
<kw name="Sleep" library="BuiltIn">
<doc>Pauses the test executed for the given time.</doc>
<arguments>
<arg>5</arg>
</arguments>
<msg timestamp="20210507 12:04:00.045" level="INFO">Slept 5 seconds</msg>
<status status="PASS" starttime="20210507 12:03:55.042" endtime="20210507 12:04:00.046"></status>
</kw>
<kw name="Click Element" library="SeleniumLibrary">
<doc>Click the element identified by ``locator``.</doc>
<arguments>
<arg>xpath=//*[@id="app"]/div/div/main/div[2]/div[2]/div/div[2]/div/button/span[1]</arg>
</arguments>
<msg timestamp="20210507 12:04:00.047" level="INFO">Clicking element 'xpath=//*[@id="app"]/div/div/main/div[2]/div[2]/div/div[2]/div/button/span[1]'.</msg>
<status status="PASS" starttime="20210507 12:04:00.046" endtime="20210507 12:04:00.133"></status>
</kw>
<kw name="Sleep" library="BuiltIn">
<doc>Pauses the test executed for the given time.</doc>
<arguments>
<arg>20</arg>
</arguments>
<msg timestamp="20210507 12:04:20.138" level="INFO">Slept 20 seconds</msg>
<status status="PASS" starttime="20210507 12:04:00.134" endtime="20210507 12:04:20.138"></status>
</kw>
<kw name="Page Should Contain" library="SeleniumLibrary">
<doc>Verifies that current page contains ``text``.</doc>
<arguments>
<arg>Enter a valid email address</arg>
</arguments>
<msg timestamp="20210507 12:04:20.169" level="INFO">Current page contains text 'Enter a valid email address'.</msg>
<status status="PASS" starttime="20210507 12:04:20.139" endtime="20210507 12:04:20.169"></status>
</kw>
<kw name="Sleep" library="BuiltIn">
<doc>Pauses the test executed for the given time.</doc>
<arguments>
<arg>5</arg>
</arguments>
<msg timestamp="20210507 12:04:25.178" level="INFO">Slept 5 seconds</msg>
<status status="PASS" starttime="20210507 12:04:20.169" endtime="20210507 12:04:25.178"></status>
</kw>
<kw name="Input Text" library="SeleniumLibrary">
<doc>Types the given ``text`` into the text field identified by ``locator``.</doc>
<arguments>
<arg>xpath=//*[@id="app"]/div/div/main/div[2]/div[2]/div/div[1]/div[2]/input</arg>
<arg>${Val_Username}</arg>
</arguments>
<msg timestamp="20210507 12:04:25.181" level="INFO">Typing text 'amrut@sch.ken42.com' into text field 'xpath=//*[@id="app"]/div/div/main/div[2]/div[2]/div/div[1]/div[2]/input'.</msg>
<status status="PASS" starttime="20210507 12:04:25.179" endtime="20210507 12:04:25.393"></status>
</kw>
<kw name="Sleep" library="BuiltIn">
<doc>Pauses the test executed for the given time.</doc>
<arguments>
<arg>3</arg>
</arguments>
<msg timestamp="20210507 12:04:28.406" level="INFO">Slept 3 seconds</msg>
<status status="PASS" starttime="20210507 12:04:25.393" endtime="20210507 12:04:28.407"></status>
</kw>
<kw name="Click Element" library="SeleniumLibrary">
<doc>Click the element identified by ``locator``.</doc>
<arguments>
<arg>xpath=//*[@id="app"]/div/div/main/div[2]/div[2]/div/div[2]/div/button/span[1]</arg>
</arguments>
<msg timestamp="20210507 12:04:28.409" level="INFO">Clicking element 'xpath=//*[@id="app"]/div/div/main/div[2]/div[2]/div/div[2]/div/button/span[1]'.</msg>
<status status="PASS" starttime="20210507 12:04:28.408" endtime="20210507 12:04:28.466"></status>
</kw>
<kw name="Sleep" library="BuiltIn">
<doc>Pauses the test executed for the given time.</doc>
<arguments>
<arg>5</arg>
</arguments>
<msg timestamp="20210507 12:04:33.471" level="INFO">Slept 5 seconds</msg>
<status status="PASS" starttime="20210507 12:04:28.466" endtime="20210507 12:04:33.471"></status>
</kw>
<kw name="Click Element" library="SeleniumLibrary">
<doc>Click the element identified by ``locator``.</doc>
<arguments>
<arg>xpath=//*[@id="app"]/div/div/main/div[2]/div[2]/div/div[2]/div/div[2]/div</arg>
</arguments>
<msg timestamp="20210507 12:04:33.473" level="INFO">Clicking element 'xpath=//*[@id="app"]/div/div/main/div[2]/div[2]/div/div[2]/div/div[2]/div'.</msg>
<status status="PASS" starttime="20210507 12:04:33.472" endtime="20210507 12:04:33.560"></status>
</kw>
<kw name="Sleep" library="BuiltIn">
<doc>Pauses the test executed for the given time.</doc>
<arguments>
<arg>5</arg>
</arguments>
<msg timestamp="20210507 12:04:38.563" level="INFO">Slept 5 seconds</msg>
<status status="PASS" starttime="20210507 12:04:33.561" endtime="20210507 12:04:38.564"></status>
</kw>
<kw name="Click Element" library="SeleniumLibrary">
<doc>Click the element identified by ``locator``.</doc>
<arguments>
<arg>xpath=//*[@id="menu-"]/div[3]/ul/li</arg>
</arguments>
<msg timestamp="20210507 12:04:38.567" level="INFO">Clicking element 'xpath=//*[@id="menu-"]/div[3]/ul/li'.</msg>
<status status="PASS" starttime="20210507 12:04:38.565" endtime="20210507 12:04:38.647"></status>
</kw>
<kw name="Sleep" library="BuiltIn">
<doc>Pauses the test executed for the given time.</doc>
<arguments>
<arg>5</arg>
</arguments>
<msg timestamp="20210507 12:04:43.656" level="INFO">Slept 5 seconds</msg>
<status status="PASS" starttime="20210507 12:04:38.648" endtime="20210507 12:04:43.657"></status>
</kw>
<kw name="Click Element" library="SeleniumLibrary">
<doc>Click the element identified by ``locator``.</doc>
<arguments>
<arg>xpath=//*[@id="app"]/div/div/main/div[2]/div[2]/div/div[3]/div/button/span[1]</arg>
</arguments>
<msg timestamp="20210507 12:04:43.660" level="INFO">Clicking element 'xpath=//*[@id="app"]/div/div/main/div[2]/div[2]/div/div[3]/div/button/span[1]'.</msg>
<status status="PASS" starttime="20210507 12:04:43.658" endtime="20210507 12:04:43.725"></status>
</kw>
<kw name="Sleep" library="BuiltIn">
<doc>Pauses the test executed for the given time.</doc>
<arguments>
<arg>10</arg>
</arguments>
<msg timestamp="20210507 12:04:53.734" level="INFO">Slept 10 seconds</msg>
<status status="PASS" starttime="20210507 12:04:43.725" endtime="20210507 12:04:53.734"></status>
</kw>
<kw name="Handle Alert" library="SeleniumLibrary">
<doc>Handles the current alert and returns its message.</doc>
<arguments>
<arg>action=ACCEPT</arg>
</arguments>
<assign>
<var>${message}</var>
</assign>
<msg timestamp="20210507 12:04:53.746" level="INFO">${message} = Your Otp is:3324</msg>
<status status="PASS" starttime="20210507 12:04:53.735" endtime="20210507 12:04:53.746"></status>
</kw>
<kw name="Sleep" library="BuiltIn">
<doc>Pauses the test executed for the given time.</doc>
<arguments>
<arg>5</arg>
</arguments>
<msg timestamp="20210507 12:04:58.756" level="INFO">Slept 5 seconds</msg>
<status status="PASS" starttime="20210507 12:04:53.747" endtime="20210507 12:04:58.756"></status>
</kw>
<kw name="Fetch From Right" library="String">
<doc>Returns contents of the ``string`` after the last occurrence of ``marker``.</doc>
<arguments>
<arg>${message}</arg>
<arg>is:</arg>
</arguments>
<assign>
<var>${message1}</var>
</assign>
<msg timestamp="20210507 12:04:58.759" level="INFO">${message1} = 3324</msg>
<status status="PASS" starttime="20210507 12:04:58.757" endtime="20210507 12:04:58.759"></status>
</kw>
<kw name="Input Text" library="SeleniumLibrary">
<doc>Types the given ``text`` into the text field identified by ``locator``.</doc>
<arguments>
<arg>xpath=//*[@id="app"]/div/div/main/div[2]/div[2]/div/div[3]/div[2]/div[2]/input</arg>
<arg>${message1}</arg>
</arguments>
<msg timestamp="20210507 12:04:58.761" level="INFO">Typing text '3324' into text field 'xpath=//*[@id="app"]/div/div/main/div[2]/div[2]/div/div[3]/div[2]/div[2]/input'.</msg>
<status status="PASS" starttime="20210507 12:04:58.760" endtime="20210507 12:04:58.956"></status>
</kw>
<kw name="Sleep" library="BuiltIn">
<doc>Pauses the test executed for the given time.</doc>
<arguments>
<arg>10</arg>
</arguments>
<msg timestamp="20210507 12:05:08.964" level="INFO">Slept 10 seconds</msg>
<status status="PASS" starttime="20210507 12:04:58.956" endtime="20210507 12:05:08.964"></status>
</kw>
<kw name="Click Element" library="SeleniumLibrary">
<doc>Click the element identified by ``locator``.</doc>
<arguments>
<arg>xpath=//*[@id="app"]/div/div/main/div[2]/div[2]/div/div[4]/button/span[1]</arg>
</arguments>
<msg timestamp="20210507 12:05:08.965" level="INFO">Clicking element 'xpath=//*[@id="app"]/div/div/main/div[2]/div[2]/div/div[4]/button/span[1]'.</msg>
<status status="PASS" starttime="20210507 12:05:08.964" endtime="20210507 12:05:09.061"></status>
</kw>
<kw name="Sleep" library="BuiltIn">
<doc>Pauses the test executed for the given time.</doc>
<arguments>
<arg>5</arg>
</arguments>
<msg timestamp="20210507 12:05:14.072" level="INFO">Slept 5 seconds</msg>
<status status="PASS" starttime="20210507 12:05:09.062" endtime="20210507 12:05:14.073"></status>
</kw>
<status status="PASS" starttime="20210507 12:03:39.894" endtime="20210507 12:05:14.074"></status>
</kw>
<kw name="VerifyPortal">
<kw name="Select Window" library="SeleniumLibrary">
<doc>DEPRECATED in SeleniumLibrary 4.0. , use `Switch Window` instead.</doc>
<arguments>
<arg>MAIN</arg>
</arguments>
<status status="PASS" starttime="20210507 12:05:14.076" endtime="20210507 12:05:14.090"></status>
</kw>
<kw name="Sleep" library="BuiltIn">
<doc>Pauses the test executed for the given time.</doc>
<arguments>
<arg>15</arg>
</arguments>
<msg timestamp="20210507 12:05:29.098" level="INFO">Slept 15 seconds</msg>
<status status="PASS" starttime="20210507 12:05:14.090" endtime="20210507 12:05:29.098"></status>
</kw>
<kw name="Element Text Should Be" library="SeleniumLibrary">
<doc>Verifies that element ``locator`` contains exact the text ``expected``.</doc>
<arguments>
<arg>xpath=//*[@id="app"]/div/div/div/header/div/header/div/h6</arg>
<arg>FACULTY PORTAL</arg>
</arguments>
<msg timestamp="20210507 12:05:29.100" level="INFO">Verifying element 'xpath=//*[@id="app"]/div/div/div/header/div/header/div/h6' contains exact text 'FACULTY PORTAL'.</msg>
<status status="PASS" starttime="20210507 12:05:29.099" endtime="20210507 12:05:29.181"></status>
</kw>
<kw name="Sleep" library="BuiltIn">
<doc>Pauses the test executed for the given time.</doc>
<arguments>
<arg>5</arg>
</arguments>
<msg timestamp="20210507 12:05:34.195" level="INFO">Slept 5 seconds</msg>
<status status="PASS" starttime="20210507 12:05:29.182" endtime="20210507 12:05:34.195"></status>
</kw>
<status status="PASS" starttime="20210507 12:05:14.075" endtime="20210507 12:05:34.196"></status>
</kw>
<kw name="Startclass&amp;virtualclassroom">
<kw name="Click Element" library="SeleniumLibrary">
<doc>Click the element identified by ``locator``.</doc>
<arguments>
<arg>xpath=//*[@id="app"]/div/div/div/main/div[4]/div/div/div[2]/div/div[1]/div/div/div[2]/div[1]/div/div/div[2]/div/div[1]/div[2]/div[2]/div/div/div/div[2]/div/div</arg>
</arguments>
<msg timestamp="20210507 12:05:34.198" level="INFO">Clicking element 'xpath=//*[@id="app"]/div/div/div/main/div[4]/div/div/div[2]/div/div[1]/div/div/div[2]/div[1]/div/div/div[2]/div/div[1]/div[2]/div[2]/div/div/div/div[2]/div/div'.</msg>
<status status="PASS" starttime="20210507 12:05:34.197" endtime="20210507 12:05:34.395"></status>
</kw>
<kw name="Sleep" library="BuiltIn">
<doc>Pauses the test executed for the given time.</doc>
<arguments>
<arg>15</arg>
</arguments>
<msg timestamp="20210507 12:05:49.410" level="INFO">Slept 15 seconds</msg>
<status status="PASS" starttime="20210507 12:05:34.396" endtime="20210507 12:05:49.411"></status>
</kw>
<kw name="Click Button" library="SeleniumLibrary">
<doc>Clicks the button identified by ``locator``.</doc>
<arguments>
<arg>xpath=//*[@id="popup"]/div/div[3]/div[2]/p/button</arg>
</arguments>
<msg timestamp="20210507 12:05:49.413" level="INFO">Clicking button 'xpath=//*[@id="popup"]/div/div[3]/div[2]/p/button'.</msg>
<status status="PASS" starttime="20210507 12:05:49.412" endtime="20210507 12:05:49.553"></status>
</kw>
<kw name="Sleep" library="BuiltIn">
<doc>Pauses the test executed for the given time.</doc>
<arguments>
<arg>20</arg>
</arguments>
<msg timestamp="20210507 12:06:09.559" level="INFO">Slept 20 seconds</msg>
<status status="PASS" starttime="20210507 12:05:49.554" endtime="20210507 12:06:09.560"></status>
</kw>
<kw name="Select Window" library="SeleniumLibrary">
<doc>DEPRECATED in SeleniumLibrary 4.0. , use `Switch Window` instead.</doc>
<arguments>
<arg>Ken42 Live Class - 2021-MATH-KEN-SC-Grade09-B</arg>
</arguments>
<status status="PASS" starttime="20210507 12:06:09.561" endtime="20210507 12:06:09.756"></status>
</kw>
<kw name="Sleep" library="BuiltIn">
<doc>Pauses the test executed for the given time.</doc>
<arguments>
<arg>15</arg>
</arguments>
<msg timestamp="20210507 12:06:24.759" level="INFO">Slept 15 seconds</msg>
<status status="PASS" starttime="20210507 12:06:09.757" endtime="20210507 12:06:24.759"></status>
</kw>
<kw name="Click Element" library="SeleniumLibrary">
<doc>Click the element identified by ``locator``.</doc>
<arguments>
<arg>xpath=/html/body/div[4]/div/div/header/button/span[1]</arg>
</arguments>
<msg timestamp="20210507 12:06:24.761" level="INFO">Clicking element 'xpath=/html/body/div[4]/div/div/header/button/span[1]'.</msg>
<status status="PASS" starttime="20210507 12:06:24.760" endtime="20210507 12:06:24.903"></status>
</kw>
<kw name="Sleep" library="BuiltIn">
<doc>Pauses the test executed for the given time.</doc>
<arguments>
<arg>10</arg>
</arguments>
<msg timestamp="20210507 12:06:34.908" level="INFO">Slept 10 seconds</msg>
<status status="PASS" starttime="20210507 12:06:24.904" endtime="20210507 12:06:34.909"></status>
</kw>
<kw name="Element Text Should Be" library="SeleniumLibrary">
<doc>Verifies that element ``locator`` contains exact the text ``expected``.</doc>
<arguments>
<arg>xpath=//*[@id="app"]/main/section/div[1]/header/div/div[1]/div[2]/h1</arg>
<arg>2021-MATH-KEN-SC-Grade09-B</arg>
</arguments>
<msg timestamp="20210507 12:06:34.910" level="INFO">Verifying element 'xpath=//*[@id="app"]/main/section/div[1]/header/div/div[1]/div[2]/h1' contains exact text '2021-MATH-KEN-SC-Grade09-B'.</msg>
<status status="PASS" starttime="20210507 12:06:34.909" endtime="20210507 12:06:34.972"></status>
</kw>
<kw name="Sleep" library="BuiltIn">
<doc>Pauses the test executed for the given time.</doc>
<arguments>
<arg>10</arg>
</arguments>
<msg timestamp="20210507 12:06:44.982" level="INFO">Slept 10 seconds</msg>
<status status="PASS" starttime="20210507 12:06:34.973" endtime="20210507 12:06:44.982"></status>
</kw>
<status status="PASS" starttime="20210507 12:05:34.196" endtime="20210507 12:06:44.983"></status>
</kw>
<kw name="verifyclassroom">
<kw name="Select Window" library="SeleniumLibrary">
<doc>DEPRECATED in SeleniumLibrary 4.0. , use `Switch Window` instead.</doc>
<arguments>
<arg>Portal</arg>
</arguments>
<status status="PASS" starttime="20210507 12:06:44.984" endtime="20210507 12:06:45.046"></status>
</kw>
<kw name="Sleep" library="BuiltIn">
<doc>Pauses the test executed for the given time.</doc>
<arguments>
<arg>10</arg>
</arguments>
<msg timestamp="20210507 12:06:55.052" level="INFO">Slept 10 seconds</msg>
<status status="PASS" starttime="20210507 12:06:45.047" endtime="20210507 12:06:55.054"></status>
</kw>
<kw name="Click Button" library="SeleniumLibrary">
<doc>Clicks the button identified by ``locator``.</doc>
<arguments>
<arg>xpath=//*[@id="popup"]/div/div[4]/div[2]/a/button</arg>
</arguments>
<msg timestamp="20210507 12:06:55.055" level="INFO">Clicking button 'xpath=//*[@id="popup"]/div/div[4]/div[2]/a/button'.</msg>
<status status="PASS" starttime="20210507 12:06:55.054" endtime="20210507 12:06:55.193"></status>
</kw>
<kw name="Sleep" library="BuiltIn">
<doc>Pauses the test executed for the given time.</doc>
<arguments>
<arg>10</arg>
</arguments>
<msg timestamp="20210507 12:07:05.199" level="INFO">Slept 10 seconds</msg>
<status status="PASS" starttime="20210507 12:06:55.193" endtime="20210507 12:07:05.199"></status>
</kw>
<kw name="Element Text Should Be" library="SeleniumLibrary">
<doc>Verifies that element ``locator`` contains exact the text ``expected``.</doc>
<arguments>
<arg>xpath=//*[@id="app"]/div/div/div/main/div[4]/div/div/div[1]/div/div[1]/h6</arg>
<arg>2021-MATH-KEN-SC-Grade09-B</arg>
</arguments>
<msg timestamp="20210507 12:07:05.201" level="INFO">Verifying element 'xpath=//*[@id="app"]/div/div/div/main/div[4]/div/div/div[1]/div/div[1]/h6' contains exact text '2021-MATH-KEN-SC-Grade09-B'.</msg>
<status status="PASS" starttime="20210507 12:07:05.200" endtime="20210507 12:07:05.254"></status>
</kw>
<kw name="Sleep" library="BuiltIn">
<doc>Pauses the test executed for the given time.</doc>
<arguments>
<arg>10</arg>
</arguments>
<msg timestamp="20210507 12:07:15.261" level="INFO">Slept 10 seconds</msg>
<status status="PASS" starttime="20210507 12:07:05.254" endtime="20210507 12:07:15.261"></status>
</kw>
<status status="PASS" starttime="20210507 12:06:44.983" endtime="20210507 12:07:15.262"></status>
</kw>
<kw name="SubmitAttendance">
<kw name="Select Checkbox" library="SeleniumLibrary">
<doc>Selects the checkbox identified by ``locator``.</doc>
<arguments>
<arg>xpath=//*[@id="app"]/div/div/div/main/div[4]/div/div/div[2]/div/div[1]/div/div/div/div[3]/div/div[3]/p/label/span[1]/span[1]/input</arg>
</arguments>
<msg timestamp="20210507 12:07:15.265" level="INFO">Selecting checkbox 'xpath=//*[@id="app"]/div/div/div/main/div[4]/div/div/div[2]/div/div[1]/div/div/div/div[3]/div/div[3]/p/label/span[1]/span[1]/input'.</msg>
<status status="PASS" starttime="20210507 12:07:15.264" endtime="20210507 12:07:15.391"></status>
</kw>
<kw name="Sleep" library="BuiltIn">
<doc>Pauses the test executed for the given time.</doc>
<arguments>
<arg>10</arg>
</arguments>
<msg timestamp="20210507 12:07:25.399" level="INFO">Slept 10 seconds</msg>
<status status="PASS" starttime="20210507 12:07:15.392" endtime="20210507 12:07:25.399"></status>
</kw>
<kw name="Sleep" library="BuiltIn">
<doc>Pauses the test executed for the given time.</doc>
<arguments>
<arg>5</arg>
</arguments>
<msg timestamp="20210507 12:07:30.402" level="INFO">Slept 5 seconds</msg>
<status status="PASS" starttime="20210507 12:07:25.400" endtime="20210507 12:07:30.402"></status>
</kw>
<kw name="Click Button" library="SeleniumLibrary">
<doc>Clicks the button identified by ``locator``.</doc>
<arguments>
<arg>xpath=//*[@id="app"]/div/div/div/main/div[4]/div/div/div[2]/div/div[1]/div/div/p/div/button</arg>
</arguments>
<msg timestamp="20210507 12:07:30.404" level="INFO">Clicking button 'xpath=//*[@id="app"]/div/div/div/main/div[4]/div/div/div[2]/div/div[1]/div/div/p/div/button'.</msg>
<status status="PASS" starttime="20210507 12:07:30.403" endtime="20210507 12:07:30.503"></status>
</kw>
<kw name="Sleep" library="BuiltIn">
<doc>Pauses the test executed for the given time.</doc>
<arguments>
<arg>5</arg>
</arguments>
<msg timestamp="20210507 12:07:35.506" level="INFO">Slept 5 seconds</msg>
<status status="PASS" starttime="20210507 12:07:30.504" endtime="20210507 12:07:35.506"></status>
</kw>
<kw name="Unselect Checkbox" library="SeleniumLibrary">
<doc>Removes the selection of checkbox identified by ``locator``.</doc>
<arguments>
<arg>xpath=//*[@id="app"]/div/div/div/main/div[4]/div/div/div[2]/div/div[1]/div/div/div/div[3]/div/div[3]/p/label/span[1]/span[1]/input</arg>
</arguments>
<msg timestamp="20210507 12:07:35.507" level="INFO">Unselecting checkbox 'xpath=//*[@id="app"]/div/div/div/main/div[4]/div/div/div[2]/div/div[1]/div/div/div/div[3]/div/div[3]/p/label/span[1]/span[1]/input'.</msg>
<status status="PASS" starttime="20210507 12:07:35.507" endtime="20210507 12:07:35.595"></status>
</kw>
<kw name="Sleep" library="BuiltIn">
<doc>Pauses the test executed for the given time.</doc>
<arguments>
<arg>5</arg>
</arguments>
<msg timestamp="20210507 12:07:40.600" level="INFO">Slept 5 seconds</msg>
<status status="PASS" starttime="20210507 12:07:35.596" endtime="20210507 12:07:40.601"></status>
</kw>
<status status="PASS" starttime="20210507 12:07:15.262" endtime="20210507 12:07:40.602"></status>
</kw>
<kw name="EndMeetinginvirtual">
<kw name="Select Window" library="SeleniumLibrary">
<doc>DEPRECATED in SeleniumLibrary 4.0. , use `Switch Window` instead.</doc>
<arguments>
<arg>Ken42 Live Class - 2021-MATH-KEN-SC-Grade09-B</arg>
</arguments>
<status status="PASS" starttime="20210507 12:07:40.603" endtime="20210507 12:07:40.780"></status>
</kw>
<kw name="Sleep" library="BuiltIn">
<doc>Pauses the test executed for the given time.</doc>
<arguments>
<arg>5</arg>
</arguments>
<msg timestamp="20210507 12:07:45.795" level="INFO">Slept 5 seconds</msg>
<status status="PASS" starttime="20210507 12:07:40.781" endtime="20210507 12:07:45.796"></status>
</kw>
<kw name="Click Element" library="SeleniumLibrary">
<doc>Click the element identified by ``locator``.</doc>
<arguments>
<arg>xpath=/html/body/div/main/section/div[1]/header/div/div[1]/div[3]/div/button[1]/span[1]</arg>
</arguments>
<msg timestamp="20210507 12:07:45.797" level="INFO">Clicking element 'xpath=/html/body/div/main/section/div[1]/header/div/div[1]/div[3]/div/button[1]/span[1]'.</msg>
<status status="PASS" starttime="20210507 12:07:45.796" endtime="20210507 12:07:45.885"></status>
</kw>
<kw name="Sleep" library="BuiltIn">
<doc>Pauses the test executed for the given time.</doc>
<arguments>
<arg>5</arg>
</arguments>
<msg timestamp="20210507 12:07:50.903" level="INFO">Slept 5 seconds</msg>
<status status="PASS" starttime="20210507 12:07:45.886" endtime="20210507 12:07:50.904"></status>
</kw>
<kw name="Click Element" library="SeleniumLibrary">
<doc>Click the element identified by ``locator``.</doc>
<arguments>
<arg>xpath=//*[@id="app"]/main/section/div[1]/header/div/div[1]/div[3]/div/div/div/ul/li[7]</arg>
</arguments>
<msg timestamp="20210507 12:07:50.906" level="INFO">Clicking element 'xpath=//*[@id="app"]/main/section/div[1]/header/div/div[1]/div[3]/div/div/div/ul/li[7]'.</msg>
<status status="PASS" starttime="20210507 12:07:50.905" endtime="20210507 12:07:50.989"></status>
</kw>
<kw name="Sleep" library="BuiltIn">
<doc>Pauses the test executed for the given time.</doc>
<arguments>
<arg>5</arg>
</arguments>
<msg timestamp="20210507 12:07:56.000" level="INFO">Slept 5 seconds</msg>
<status status="PASS" starttime="20210507 12:07:50.990" endtime="20210507 12:07:56.000"></status>
</kw>
<kw name="Click Element" library="SeleniumLibrary">
<doc>Click the element identified by ``locator``.</doc>
<arguments>
<arg>xpath=/html/body/div[4]/div/div/div[1]/div/div[2]/button[1]/span</arg>
</arguments>
<msg timestamp="20210507 12:07:56.002" level="INFO">Clicking element 'xpath=/html/body/div[4]/div/div/div[1]/div/div[2]/button[1]/span'.</msg>
<status status="PASS" starttime="20210507 12:07:56.001" endtime="20210507 12:07:56.064"></status>
</kw>
<kw name="Sleep" library="BuiltIn">
<doc>Pauses the test executed for the given time.</doc>
<arguments>
<arg>5</arg>
</arguments>
<msg timestamp="20210507 12:08:01.068" level="INFO">Slept 5 seconds</msg>
<status status="PASS" starttime="20210507 12:07:56.065" endtime="20210507 12:08:01.068"></status>
</kw>
<status status="PASS" starttime="20210507 12:07:40.602" endtime="20210507 12:08:01.069"></status>
</kw>
<kw name=" Signout">
<kw name="Select Window" library="SeleniumLibrary">
<doc>DEPRECATED in SeleniumLibrary 4.0. , use `Switch Window` instead.</doc>
<arguments>
<arg>Portal</arg>
</arguments>
<status status="PASS" starttime="20210507 12:08:01.072" endtime="20210507 12:08:01.133"></status>
</kw>
<kw name="Click Element" library="SeleniumLibrary">
<doc>Click the element identified by ``locator``.</doc>
<arguments>
<arg>xpath=//*[@id="app"]/div/div/div/main/div[3]/div/div/div/div[3]/div[1]/ul/a[1]/div/span[2]</arg>
</arguments>
<msg timestamp="20210507 12:08:01.134" level="INFO">Clicking element 'xpath=//*[@id="app"]/div/div/div/main/div[3]/div/div/div/div[3]/div[1]/ul/a[1]/div/span[2]'.</msg>
<status status="PASS" starttime="20210507 12:08:01.133" endtime="20210507 12:08:01.284"></status>
</kw>
<kw name="Sleep" library="BuiltIn">
<doc>Pauses the test executed for the given time.</doc>
<arguments>
<arg>5</arg>
</arguments>
<msg timestamp="20210507 12:08:06.302" level="INFO">Slept 5 seconds</msg>
<status status="PASS" starttime="20210507 12:08:01.285" endtime="20210507 12:08:06.302"></status>
</kw>
<kw name="Click Element" library="SeleniumLibrary">
<doc>Click the element identified by ``locator``.</doc>
<arguments>
<arg>xpath=//*[@id="app"]/div/div/div/header/div/header/div/div[2]/div/div[4]/button/span[1]</arg>
</arguments>
<msg timestamp="20210507 12:08:06.303" level="INFO">Clicking element 'xpath=//*[@id="app"]/div/div/div/header/div/header/div/div[2]/div/div[4]/button/span[1]'.</msg>
<status status="PASS" starttime="20210507 12:08:06.303" endtime="20210507 12:08:06.436"></status>
</kw>
<kw name="Sleep" library="BuiltIn">
<doc>Pauses the test executed for the given time.</doc>
<arguments>
<arg>5</arg>
</arguments>
<msg timestamp="20210507 12:08:11.441" level="INFO">Slept 5 seconds</msg>
<status status="PASS" starttime="20210507 12:08:06.436" endtime="20210507 12:08:11.441"></status>
</kw>
<kw name="Click Element" library="SeleniumLibrary">
<doc>Click the element identified by ``locator``.</doc>
<arguments>
<arg>xpath=//*[@id="menu-appbar"]/div[3]/ul/li/div</arg>
</arguments>
<msg timestamp="20210507 12:08:11.442" level="INFO">Clicking element 'xpath=//*[@id="menu-appbar"]/div[3]/ul/li/div'.</msg>
<status status="PASS" starttime="20210507 12:08:11.441" endtime="20210507 12:08:11.599"></status>
</kw>
<kw name="Sleep" library="BuiltIn">
<doc>Pauses the test executed for the given time.</doc>
<arguments>
<arg>5</arg>
</arguments>
<msg timestamp="20210507 12:08:16.615" level="INFO">Slept 5 seconds</msg>
<status status="PASS" starttime="20210507 12:08:11.599" endtime="20210507 12:08:16.616"></status>
</kw>
<kw name="Close Browser" library="SeleniumLibrary">
<doc>Closes the current browser.</doc>
<status status="PASS" starttime="20210507 12:08:16.617" endtime="20210507 12:08:19.654"></status>
</kw>
<status status="PASS" starttime="20210507 12:08:01.070" endtime="20210507 12:08:19.655"></status>
</kw>
<status status="PASS" starttime="20210507 12:03:39.892" endtime="20210507 12:08:19.655" critical="yes"></status>
</test>
<status status="PASS" starttime="20210507 12:03:38.118" endtime="20210507 12:08:19.658"></status>
</suite>
<status status="PASS" starttime="20210507 12:03:38.079" endtime="20210507 12:08:19.664"></status>
</suite>
<statistics>
<total>
<stat pass="1" fail="0">Critical Tests</stat>
<stat pass="1" fail="0">All Tests</stat>
</total>
<tag>
</tag>
<suite>
<stat pass="1" fail="0" id="s1" name="Pfs Automation">Pfs Automation</stat>
<stat pass="1" fail="0" id="s1-s1" name="School Faculty">Pfs Automation.School Faculty</stat>
</suite>
</statistics>
<errors>
</errors>
</robot>
